# JRE version: OpenJDK Runtime Environment (17.0.10) (build 17.0.10+0--11609105)
# Java VM: OpenJDK 64-Bit Server VM (17.0.10+0--11609105, mixed mode, tiered, compressed oops, compressed class ptrs, g1 gc, windows-amd64)
GC Precious Log:
 CPUs: 8 total, 8 available
 Memory: 8050M
 Large Page Support: Disabled
 NUMA Support: Disabled
 Compressed Oops: Enabled (Zero based)
 Heap Region Size: 2M
 Heap Min Capacity: 8M
 Heap Initial Capacity: 126M
 Heap Max Capacity: 4G
 Pre-touch: Disabled
 Parallel Workers: 8
 Concurrent Workers: 2
 Concurrent Refinement Workers: 8
 Periodic GC: Disabled
Heap:
 garbage-first heap   total 526336K, used 349611K [0x0000000700000000, 0x0000000800000000)
  region size 2048K, 23 young (47104K), 2 survivors (4096K)
 Metaspace       used 114239K, committed 116160K, reserved 1179648K
  class space    used 15814K, committed 16640K, reserved 1048576K
GC Heap History (20 events):
Event: 199.941 GC heap before
{Heap before GC invocations=70 (full 0):
 garbage-first heap   total 448512K, used 363361K [0x0000000700000000, 0x0000000800000000)
  region size 2048K, 60 young (122880K), 3 survivors (6144K)
 Metaspace       used 103418K, committed 104960K, reserved 1179648K
  class space    used 14282K, committed 14976K, reserved 1048576K
}
Event: 199.957 GC heap after
{Heap after GC invocations=71 (full 0):
 garbage-first heap   total 448512K, used 256205K [0x0000000700000000, 0x0000000800000000)
  region size 2048K, 7 young (14336K), 7 survivors (14336K)
 Metaspace       used 103418K, committed 104960K, reserved 1179648K
  class space    used 14282K, committed 14976K, reserved 1048576K
}
Event: 202.463 GC heap before
{Heap before GC invocations=71 (full 0):
 garbage-first heap   total 448512K, used 364749K [0x0000000700000000, 0x0000000800000000)
  region size 2048K, 61 young (124928K), 7 survivors (14336K)
 Metaspace       used 103474K, committed 105024K, reserved 1179648K
  class space    used 14288K, committed 14976K, reserved 1048576K
}
Event: 202.476 GC heap after
{Heap after GC invocations=72 (full 0):
 garbage-first heap   total 448512K, used 260055K [0x0000000700000000, 0x0000000800000000)
  region size 2048K, 4 young (8192K), 4 survivors (8192K)
 Metaspace       used 103474K, committed 105024K, reserved 1179648K
  class space    used 14288K, committed 14976K, reserved 1048576K
}
Event: 205.278 GC heap before
{Heap before GC invocations=72 (full 0):
 garbage-first heap   total 448512K, used 368599K [0x0000000700000000, 0x0000000800000000)
  region size 2048K, 58 young (118784K), 4 survivors (8192K)
 Metaspace       used 103766K, committed 105344K, reserved 1179648K
  class space    used 14333K, committed 15040K, reserved 1048576K
}
Event: 205.294 GC heap after
{Heap after GC invocations=73 (full 0):
 garbage-first heap   total 448512K, used 266416K [0x0000000700000000, 0x0000000800000000)
  region size 2048K, 7 young (14336K), 7 survivors (14336K)
 Metaspace       used 103766K, committed 105344K, reserved 1179648K
  class space    used 14333K, committed 15040K, reserved 1048576K
}
Event: 206.600 GC heap before
{Heap before GC invocations=73 (full 0):
 garbage-first heap   total 448512K, used 370864K [0x0000000700000000, 0x0000000800000000)
  region size 2048K, 59 young (120832K), 7 survivors (14336K)
 Metaspace       used 103930K, committed 105472K, reserved 1179648K
  class space    used 14352K, committed 15040K, reserved 1048576K
}
Event: 206.616 GC heap after
{Heap after GC invocations=74 (full 0):
 garbage-first heap   total 448512K, used 271480K [0x0000000700000000, 0x0000000800000000)
  region size 2048K, 4 young (8192K), 4 survivors (8192K)
 Metaspace       used 103930K, committed 105472K, reserved 1179648K
  class space    used 14352K, committed 15040K, reserved 1048576K
}
Event: 208.137 GC heap before
{Heap before GC invocations=74 (full 0):
 garbage-first heap   total 448512K, used 373880K [0x0000000700000000, 0x0000000800000000)
  region size 2048K, 55 young (112640K), 4 survivors (8192K)
 Metaspace       used 104085K, committed 105600K, reserved 1179648K
  class space    used 14374K, committed 15040K, reserved 1048576K
}
Event: 208.148 GC heap after
{Heap after GC invocations=75 (full 0):
 garbage-first heap   total 448512K, used 275563K [0x0000000700000000, 0x0000000800000000)
  region size 2048K, 6 young (12288K), 6 survivors (12288K)
 Metaspace       used 104085K, committed 105600K, reserved 1179648K
  class space    used 14374K, committed 15040K, reserved 1048576K
}
Event: 208.370 GC heap before
{Heap before GC invocations=75 (full 0):
 garbage-first heap   total 448512K, used 375915K [0x0000000700000000, 0x0000000800000000)
  region size 2048K, 56 young (114688K), 6 survivors (12288K)
 Metaspace       used 104085K, committed 105600K, reserved 1179648K
  class space    used 14374K, committed 15040K, reserved 1048576K
}
Event: 208.380 GC heap after
{Heap after GC invocations=76 (full 0):
 garbage-first heap   total 448512K, used 277632K [0x0000000700000000, 0x0000000800000000)
  region size 2048K, 5 young (10240K), 5 survivors (10240K)
 Metaspace       used 104085K, committed 105600K, reserved 1179648K
  class space    used 14374K, committed 15040K, reserved 1048576K
}
Event: 212.686 GC heap before
{Heap before GC invocations=76 (full 0):
 garbage-first heap   total 448512K, used 375936K [0x0000000700000000, 0x0000000800000000)
  region size 2048K, 54 young (110592K), 5 survivors (10240K)
 Metaspace       used 106430K, committed 108032K, reserved 1179648K
  class space    used 14709K, committed 15424K, reserved 1048576K
}
Event: 212.718 GC heap after
{Heap after GC invocations=77 (full 0):
 garbage-first heap   total 448512K, used 285417K [0x0000000700000000, 0x0000000800000000)
  region size 2048K, 7 young (14336K), 7 survivors (14336K)
 Metaspace       used 106430K, committed 108032K, reserved 1179648K
  class space    used 14709K, committed 15424K, reserved 1048576K
}
Event: 220.596 GC heap before
{Heap before GC invocations=77 (full 0):
 garbage-first heap   total 448512K, used 373481K [0x0000000700000000, 0x0000000800000000)
  region size 2048K, 51 young (104448K), 7 survivors (14336K)
 Metaspace       used 111809K, committed 113472K, reserved 1179648K
  class space    used 15457K, committed 16192K, reserved 1048576K
}
Event: 220.715 GC heap after
{Heap after GC invocations=78 (full 0):
 garbage-first heap   total 448512K, used 299172K [0x0000000700000000, 0x0000000800000000)
  region size 2048K, 7 young (14336K), 7 survivors (14336K)
 Metaspace       used 111809K, committed 113472K, reserved 1179648K
  class space    used 15457K, committed 16192K, reserved 1048576K
}
Event: 226.676 GC heap before
{Heap before GC invocations=79 (full 0):
 garbage-first heap   total 526336K, used 368804K [0x0000000700000000, 0x0000000800000000)
  region size 2048K, 41 young (83968K), 7 survivors (14336K)
 Metaspace       used 113345K, committed 115136K, reserved 1179648K
  class space    used 15684K, committed 16448K, reserved 1048576K
}
Event: 226.707 GC heap after
{Heap after GC invocations=80 (full 0):
 garbage-first heap   total 526336K, used 310755K [0x0000000700000000, 0x0000000800000000)
  region size 2048K, 6 young (12288K), 6 survivors (12288K)
 Metaspace       used 113345K, committed 115136K, reserved 1179648K
  class space    used 15684K, committed 16448K, reserved 1048576K
}
Event: 227.347 GC heap before
{Heap before GC invocations=80 (full 0):
 garbage-first heap   total 526336K, used 323043K [0x0000000700000000, 0x0000000800000000)
  region size 2048K, 12 young (24576K), 6 survivors (12288K)
 Metaspace       used 113775K, committed 115584K, reserved 1179648K
  class space    used 15745K, committed 16512K, reserved 1048576K
}
Event: 227.372 GC heap after
{Heap after GC invocations=81 (full 0):
 garbage-first heap   total 526336K, used 310699K [0x0000000700000000, 0x0000000800000000)
  region size 2048K, 2 young (4096K), 2 survivors (4096K)
 Metaspace       used 113775K, committed 115584K, reserved 1179648K
  class space    used 15745K, committed 16512K, reserved 1048576K
}

